#
# There is insufficient memory for the Java Runtime Environment to continue.
# Native memory allocation (malloc) failed to allocate 1048576 bytes for AllocateHeap
# Possible reasons:
#   The system is out of physical RAM or swap space
#   In 32 bit mode, the process size limit was hit
# Possible solutions:
#   Reduce memory load on the system
#   Increase physical memory or swap space
#   Check if swap backing store is full
#   Use 64 bit Java on a 64 bit OS
#   Decrease Java heap size (-Xmx/-Xms)
#   Decrease number of Java threads
#   Decrease Java thread stack sizes (-Xss)
#   Set larger code cache with -XX:ReservedCodeCacheSize=
# This output file may be truncated or incomplete.
#
#  Out of Memory Error (memory/allocation.inline.hpp:61), pid=24028, tid=0x0000000000005eac
#
# JRE version:  (8.0_111-b14) (build )
# Java VM: Java HotSpot(TM) 64-Bit Server VM (25.111-b14 mixed mode windows-amd64 compressed oops)
# Failed to write core dump. Minidumps are not enabled by default on client versions of Windows
#

---------------  T H R E A D  ---------------

Current thread (0x000000000320e000):  JavaThread "Unknown thread" [_thread_in_vm, id=24236, stack(0x0000000003210000,0x0000000003310000)]

Stack: [0x0000000003210000,0x0000000003310000]
[error occurred during error reporting (printing stack bounds), id 0xc0000005]

Native frames: (J=compiled Java code, j=interpreted, Vv=VM code, C=native code)


---------------  P R O C E S S  ---------------

Java Threads: ( => current thread )

Other Threads:

=>0x000000000320e000 (exited) JavaThread "Unknown thread" [_thread_in_vm, id=24236, stack(0x0000000003210000,0x0000000003310000)]

VM state:not at safepoint (normal execution)

VM Mutex/Monitor currently owned by a thread: None

Heap:
 PSYoungGen      total 28672K, used 491K [0x00000000e0400000, 0x00000000e2400000, 0x0000000100000000)
  eden space 24576K, 2% used [0x00000000e0400000,0x00000000e047ae20,0x00000000e1c00000)
  from space 4096K, 0% used [0x00000000e2000000,0x00000000e2000000,0x00000000e2400000)
  to   space 4096K, 0% used [0x00000000e1c00000,0x00000000e1c00000,0x00000000e2000000)
 ParOldGen       total 65536K, used 0K [0x00000000a0c00000, 0x00000000a4c00000, 0x00000000e0400000)
  object space 65536K, 0% used [0x00000000a0c00000,0x00000000a0c00000,0x00000000a4c00000)
 Metaspace       used 770K, capacity 4480K, committed 4480K, reserved 1056768K
  class space    used 75K, capacity 384K, committed 384K, reserved 1048576K

Card table byte_map: [0x00000000127d0000,0x0000000012ad0000] byte_map_base: 0x00000000122ca000

Marking Bits: (ParMarkBitMap*) 0x0000000055cea6c0
 Begin Bits: [0x00000000134d0000, 0x0000000014ca0000)
 End Bits:   [0x0000000014ca0000, 0x0000000016470000)

Polling page: 0x0000000001980000

CodeCache: size=245760Kb used=327Kb max_used=327Kb free=245432Kb
 bounds [0x0000000003410000, 0x0000000003680000, 0x0000000012410000]
 total_blobs=57 nmethods=0 adapters=38
 compilation: enabled

Compilation events (0 events):
No events

GC Heap History (0 events):
No events

Deoptimization events (0 events):
No events

Internal exceptions (0 events):
No events

Events (10 events):
Event: 0.026 loading class java/lang/Short
Event: 0.026 loading class java/lang/Short done
Event: 0.026 loading class java/lang/Integer
Event: 0.026 loading class java/lang/Integer done
Event: 0.026 loading class java/lang/Long
Event: 0.026 loading class java/lang/Long done
Event: 0.027 loading class java/lang/NullPointerException
Event: 0.027 loading class java/lang/NullPointerException done
Event: 0.027 loading class java/lang/ArithmeticException
Event: 0.027 loading class java/lang/ArithmeticException done


Dynamic libraries:
0x00007ff6fd1a0000 - 0x00007ff6fd1d7000 	C:\Program Files\Java\jdk1.8.0_111\bin\java.exe
0x00007ffac8ed0000 - 0x00007ffac90c5000 	C:\WINDOWS\SYSTEM32\ntdll.dll
0x00007ffac8550000 - 0x00007ffac860e000 	C:\WINDOWS\System32\KERNEL32.DLL
0x00007ffac65e0000 - 0x00007ffac68a8000 	C:\WINDOWS\System32\KERNELBASE.dll
0x00007ffac6f10000 - 0x00007ffac6fbc000 	C:\WINDOWS\System32\ADVAPI32.dll
0x00007ffac6fd0000 - 0x00007ffac706e000 	C:\WINDOWS\System32\msvcrt.dll
0x00007ffac8df0000 - 0x00007ffac8e8b000 	C:\WINDOWS\System32\sechost.dll
0x00007ffac8b70000 - 0x00007ffac8c9a000 	C:\WINDOWS\System32\RPCRT4.dll
0x00007ffac78b0000 - 0x00007ffac7a51000 	C:\WINDOWS\System32\USER32.dll
0x00007ffac6910000 - 0x00007ffac6932000 	C:\WINDOWS\System32\win32u.dll
0x00007ffac8b40000 - 0x00007ffac8b6b000 	C:\WINDOWS\System32\GDI32.dll
0x00007ffac6a90000 - 0x00007ffac6b9d000 	C:\WINDOWS\System32\gdi32full.dll
0x00007ffac69f0000 - 0x00007ffac6a8d000 	C:\WINDOWS\System32\msvcp_win.dll
0x00007ffac6bd0000 - 0x00007ffac6cd0000 	C:\WINDOWS\System32\ucrtbase.dll
0x00007ffab95e0000 - 0x00007ffab987a000 	C:\WINDOWS\WinSxS\amd64_microsoft.windows.common-controls_6595b64144ccf1df_6.0.19041.1110_none_60b5254171f9507e\COMCTL32.dll
0x00007ffac8970000 - 0x00007ffac89a0000 	C:\WINDOWS\System32\IMM32.DLL
0x00000000560f0000 - 0x00000000561c2000 	C:\Program Files\Java\jdk1.8.0_111\jre\bin\msvcr100.dll
0x00000000554d0000 - 0x0000000055d6a000 	C:\Program Files\Java\jdk1.8.0_111\jre\bin\server\jvm.dll
0x00007ffabc640000 - 0x00007ffabc667000 	C:\WINDOWS\SYSTEM32\WINMM.dll
0x00007ffac87c0000 - 0x00007ffac87c8000 	C:\WINDOWS\System32\PSAPI.DLL
0x00007ffaa8430000 - 0x00007ffaa8439000 	C:\WINDOWS\SYSTEM32\WSOCK32.dll
0x00007ffabc670000 - 0x00007ffabc67a000 	C:\WINDOWS\SYSTEM32\VERSION.dll
0x00007ffac77c0000 - 0x00007ffac782b000 	C:\WINDOWS\System32\WS2_32.dll
0x00000000560a0000 - 0x00000000560af000 	C:\Program Files\Java\jdk1.8.0_111\jre\bin\verify.dll
0x00000000554a0000 - 0x00000000554c9000 	C:\Program Files\Java\jdk1.8.0_111\jre\bin\java.dll
0x0000000056080000 - 0x0000000056096000 	C:\Program Files\Java\jdk1.8.0_111\jre\bin\zip.dll

VM Arguments:
jvm_args: -Dfile.encoding=UTF-8 
java_command: Employee.Admin_manageattendance
java_class_path (initial): C:\Users\ktaus\Desktop\mysql jdbc\mysql-connector-java-8.0.27\mysql-connector-java-8.0.27.jar;C:\Users\ktaus\Desktop\mailactivation\activation.jar;C:\Users\ktaus\Desktop\mailactivation\mail.jar;C:\Program Files\NetBeans 8.2\java\modules\ext\AbsoluteLayout.jar;C:\Users\ktaus\Downloads\jdatepicker-1.3.4.jar;C:\Users\ktaus\Desktop\jcalendar-1.4\lib\jcalendar-1.4.jar;C:\Users\ktaus\Documents\NetBeansProjects\Employee Management System\build\classes
Launcher Type: SUN_STANDARD

Environment Variables:
PATH=C:\Program Files (x86)\Common Files\Oracle\Java\javapath;C:\Program Files (x86)\PC Connectivity Solution\;C:\Program Files\AdoptOpenJDK\jdk-11.0.10.9-hotspot\bin;C:\ProgramData\Oracle\Java\javapath;C:\app\ktaus\product\11.2.0\dbhome_1\bin;C:\Users\ktaus\python 3,8\Scripts\;C:\Users\ktaus\python 3,8\;C:\WINDOWS\system32;C:\WINDOWS;C:\WINDOWS\System32\Wbem;C:\WINDOWS\System32\WindowsPowerShell\v1.0\;C:\WINDOWS\System32\OpenSSH\;C:\MinGW\bin;C:\Users\ktaus\AppData\Roaming\Microsoft\Windows\Start Menu\Programs\Python 3.8;C:\Program Files\dotnet\;C:\Program Files\Microsoft SQL Server\130\Tools\Binn\;C:\Program Files\Microsoft SQL Server\Client SDK\ODBC\170\Tools\Binn\;C:\Program Files\Java\jdk1.8.0_111\bin;C:\Program Files\Java\jre1.8.0_111\bin;C:\Program Files\MySQL\MySQL Server 8.0\bin\;C:\Program Files\MySQL\MySQL Server 8.0\bin;C:\Program Files\MySQL\MySQL Shell 8.0\bin\;C:\Program Files\MySQL\MySQL Shell 8.0\bin;C:\Program Files (x86)\dotnet\;C:\Program Files (x86)\Microsoft SQL Server\110\Tools\Binn\;C:\Program Files\Microsoft SQL Server\110\Tools\Binn\;C:\Program Files\Microsoft SQL Server\110\DTS\Binn\;C:\Program Files (x86)\Microsoft SQL Server\110\Tools\Binn\ManagementStudio\;C:\Program Files (x86)\Microsoft SQL Server\110\DTS\Binn\;C:\Program Files\Git\cmd;C:\Program Files\MySQL\MySQL Shell 8.0\bin\;C:\Python\Python38-32\Scripts\;C:\Python\Python38-32\;C:\Python\Python38\Scripts\;C:\Python\Python38\;C:\Users\ktaus\AppData\Local\Microsoft\WindowsApps;C:\MinGW\bin;C:\Users\ktaus\AppData\Local\Programs\Microsoft VS Code\bin;;C:\Program Files\JetBrains\IntelliJ IDEA Community Edition 2020.3.3\bin;;C:\Users\ktaus\.dotnet\tools;C:\Program Files\JetBrains\PyCharm Community Edition 2020.2.1\bin;
USERNAME=ktaus
OS=Windows_NT
PROCESSOR_IDENTIFIER=AMD64 Family 23 Model 24 Stepping 1, AuthenticAMD



---------------  S Y S T E M  ---------------

OS: Windows 10.0 , 64 bit Build 19041 (10.0.19041.1348)

CPU:total 8 (8 cores per cpu, 1 threads per core) family 23 model 24 stepping 1, cmov, cx8, fxsr, mmx, sse, sse2, sse3, ssse3, sse4.1, sse4.2, popcnt, avx, avx2, aes, clmul, mmxext, 3dnowpref, lzcnt, sse4a, tsc, tscinvbit, tscinv, bmi1

Memory: 4k page, physical 6237788k(448048k free), swap 25112156k(4092k free)

vm_info: Java HotSpot(TM) 64-Bit Server VM (25.111-b14) for windows-amd64 JRE (1.8.0_111-b14), built on Sep 22 2016 19:24:05 by "java_re" with MS VC++ 10.0 (VS2010)

time: Fri Jan 14 05:24:38 2022
elapsed time: 0 seconds (0d 0h 0m 0s)

